2021-10-23T13:01:12+00:00 CRITICAL Maximum execution time of 120 seconds exceeded en C:\xampp\htdocs\vino-la-leyenda\wp-includes\Requests\Transport\cURL.php en la línea 165

2021-10-23T13:07:23+00:00 CRITICAL Uncaught Error: Call to undefined function the_imagen() in C:\xampp\htdocs\vino-la-leyenda\wp-content\themes\vino-la-leyenda\template-parts\content.php:22
Stack trace:
#0 C:\xampp\htdocs\vino-la-leyenda\wp-includes\template.php(772): require()
#1 C:\xampp\htdocs\vino-la-leyenda\wp-includes\template.php(716): load_template('C:\\xampp\\htdocs...', false, Array)
#2 C:\xampp\htdocs\vino-la-leyenda\wp-includes\general-template.php(204): locate_template(Array, true, false, Array)
#3 C:\xampp\htdocs\vino-la-leyenda\wp-content\themes\vino-la-leyenda\single.php(18): get_template_part('template-parts/...', 'post')
#4 C:\xampp\htdocs\vino-la-leyenda\wp-includes\template-loader.php(106): include('C:\\xampp\\htdocs...')
#5 C:\xampp\htdocs\vino-la-leyenda\wp-blog-header.php(19): require_once('C:\\xampp\\htdocs...')
#6 C:\xampp\htdocs\vino-la-leyenda\index.php(17): require('C:\\xampp\\htdocs...')
#7 {main}
  thrown en C:\xampp\htdocs\vino-la-leyenda\wp-content\themes\vino-la-leyenda\template-parts\content.php en la línea 22

2021-10-23T13:08:12+00:00 CRITICAL Uncaught Error: Call to undefined function the_imagen() in C:\xampp\htdocs\vino-la-leyenda\wp-content\themes\vino-la-leyenda\template-parts\content.php:22
Stack trace:
#0 C:\xampp\htdocs\vino-la-leyenda\wp-includes\template.php(772): require()
#1 C:\xampp\htdocs\vino-la-leyenda\wp-includes\template.php(716): load_template('C:\\xampp\\htdocs...', false, Array)
#2 C:\xampp\htdocs\vino-la-leyenda\wp-includes\general-template.php(204): locate_template(Array, true, false, Array)
#3 C:\xampp\htdocs\vino-la-leyenda\wp-content\themes\vino-la-leyenda\single.php(18): get_template_part('template-parts/...', 'post')
#4 C:\xampp\htdocs\vino-la-leyenda\wp-includes\template-loader.php(106): include('C:\\xampp\\htdocs...')
#5 C:\xampp\htdocs\vino-la-leyenda\wp-blog-header.php(19): require_once('C:\\xampp\\htdocs...')
#6 C:\xampp\htdocs\vino-la-leyenda\index.php(17): require('C:\\xampp\\htdocs...')
#7 {main}
  thrown en C:\xampp\htdocs\vino-la-leyenda\wp-content\themes\vino-la-leyenda\template-parts\content.php en la línea 22

2021-10-23T14:15:37+00:00 CRITICAL Maximum execution time of 120 seconds exceeded en C:\xampp\htdocs\vino-la-leyenda\wp-content\plugins\woocommerce\packages\woocommerce-blocks\src\Domain\Package.php en la línea 14

2021-10-23T17:15:21+00:00 CRITICAL Uncaught Error: Call to undefined function get_the_field() in C:\xampp\htdocs\vino-la-leyenda\wp-content\themes\vino-la-leyenda\template-parts\content.php:33
Stack trace:
#0 C:\xampp\htdocs\vino-la-leyenda\wp-includes\template.php(772): require()
#1 C:\xampp\htdocs\vino-la-leyenda\wp-includes\template.php(716): load_template('C:\\xampp\\htdocs...', false, Array)
#2 C:\xampp\htdocs\vino-la-leyenda\wp-includes\general-template.php(204): locate_template(Array, true, false, Array)
#3 C:\xampp\htdocs\vino-la-leyenda\wp-content\themes\vino-la-leyenda\single.php(18): get_template_part('template-parts/...', 'post')
#4 C:\xampp\htdocs\vino-la-leyenda\wp-includes\template-loader.php(106): include('C:\\xampp\\htdocs...')
#5 C:\xampp\htdocs\vino-la-leyenda\wp-blog-header.php(19): require_once('C:\\xampp\\htdocs...')
#6 C:\xampp\htdocs\vino-la-leyenda\index.php(17): require('C:\\xampp\\htdocs...')
#7 {main}
  thrown en C:\xampp\htdocs\vino-la-leyenda\wp-content\themes\vino-la-leyenda\template-parts\content.php en la línea 33

