2021-10-22T08:35:03+00:00 CRITICAL Uncaught Error: Call to undefined function get_the_imagen() in C:\xampp\htdocs\vino-la-leyenda\wp-content\themes\vino-la-leyenda\template-parts\content.php:15
Stack trace:
#0 C:\xampp\htdocs\vino-la-leyenda\wp-includes\template.php(772): require()
#1 C:\xampp\htdocs\vino-la-leyenda\wp-includes\template.php(716): load_template('C:\\xampp\\htdocs...', false, Array)
#2 C:\xampp\htdocs\vino-la-leyenda\wp-includes\general-template.php(204): locate_template(Array, true, false, Array)
#3 C:\xampp\htdocs\vino-la-leyenda\wp-content\themes\vino-la-leyenda\single.php(18): get_template_part('template-parts/...', 'post')
#4 C:\xampp\htdocs\vino-la-leyenda\wp-includes\template-loader.php(106): include('C:\\xampp\\htdocs...')
#5 C:\xampp\htdocs\vino-la-leyenda\wp-blog-header.php(19): require_once('C:\\xampp\\htdocs...')
#6 C:\xampp\htdocs\vino-la-leyenda\index.php(17): require('C:\\xampp\\htdocs...')
#7 {main}
  thrown en C:\xampp\htdocs\vino-la-leyenda\wp-content\themes\vino-la-leyenda\template-parts\content.php en la línea 15

2021-10-22T08:35:27+00:00 CRITICAL Uncaught Error: Call to undefined function get_the_imagen() in C:\xampp\htdocs\vino-la-leyenda\wp-content\themes\vino-la-leyenda\template-parts\content.php:15
Stack trace:
#0 C:\xampp\htdocs\vino-la-leyenda\wp-includes\template.php(772): require()
#1 C:\xampp\htdocs\vino-la-leyenda\wp-includes\template.php(716): load_template('C:\\xampp\\htdocs...', false, Array)
#2 C:\xampp\htdocs\vino-la-leyenda\wp-includes\general-template.php(204): locate_template(Array, true, false, Array)
#3 C:\xampp\htdocs\vino-la-leyenda\wp-content\themes\vino-la-leyenda\single.php(18): get_template_part('template-parts/...', 'post')
#4 C:\xampp\htdocs\vino-la-leyenda\wp-includes\template-loader.php(106): include('C:\\xampp\\htdocs...')
#5 C:\xampp\htdocs\vino-la-leyenda\wp-blog-header.php(19): require_once('C:\\xampp\\htdocs...')
#6 C:\xampp\htdocs\vino-la-leyenda\index.php(17): require('C:\\xampp\\htdocs...')
#7 {main}
  thrown en C:\xampp\htdocs\vino-la-leyenda\wp-content\themes\vino-la-leyenda\template-parts\content.php en la línea 15

2021-10-22T08:36:21+00:00 CRITICAL Uncaught Error: Call to undefined function get_the_imagen() in C:\xampp\htdocs\vino-la-leyenda\wp-content\themes\vino-la-leyenda\template-parts\content.php:15
Stack trace:
#0 C:\xampp\htdocs\vino-la-leyenda\wp-includes\template.php(772): require()
#1 C:\xampp\htdocs\vino-la-leyenda\wp-includes\template.php(716): load_template('C:\\xampp\\htdocs...', false, Array)
#2 C:\xampp\htdocs\vino-la-leyenda\wp-includes\general-template.php(204): locate_template(Array, true, false, Array)
#3 C:\xampp\htdocs\vino-la-leyenda\wp-content\themes\vino-la-leyenda\single.php(18): get_template_part('template-parts/...', 'post')
#4 C:\xampp\htdocs\vino-la-leyenda\wp-includes\template-loader.php(106): include('C:\\xampp\\htdocs...')
#5 C:\xampp\htdocs\vino-la-leyenda\wp-blog-header.php(19): require_once('C:\\xampp\\htdocs...')
#6 C:\xampp\htdocs\vino-la-leyenda\index.php(17): require('C:\\xampp\\htdocs...')
#7 {main}
  thrown en C:\xampp\htdocs\vino-la-leyenda\wp-content\themes\vino-la-leyenda\template-parts\content.php en la línea 15

2021-10-22T08:37:14+00:00 CRITICAL Uncaught Error: Call to undefined function get_imagen() in C:\xampp\htdocs\vino-la-leyenda\wp-content\themes\vino-la-leyenda\template-parts\content.php:15
Stack trace:
#0 C:\xampp\htdocs\vino-la-leyenda\wp-includes\template.php(772): require()
#1 C:\xampp\htdocs\vino-la-leyenda\wp-includes\template.php(716): load_template('C:\\xampp\\htdocs...', false, Array)
#2 C:\xampp\htdocs\vino-la-leyenda\wp-includes\general-template.php(204): locate_template(Array, true, false, Array)
#3 C:\xampp\htdocs\vino-la-leyenda\wp-content\themes\vino-la-leyenda\single.php(18): get_template_part('template-parts/...', 'post')
#4 C:\xampp\htdocs\vino-la-leyenda\wp-includes\template-loader.php(106): include('C:\\xampp\\htdocs...')
#5 C:\xampp\htdocs\vino-la-leyenda\wp-blog-header.php(19): require_once('C:\\xampp\\htdocs...')
#6 C:\xampp\htdocs\vino-la-leyenda\index.php(17): require('C:\\xampp\\htdocs...')
#7 {main}
  thrown en C:\xampp\htdocs\vino-la-leyenda\wp-content\themes\vino-la-leyenda\template-parts\content.php en la línea 15

2021-10-22T08:37:49+00:00 CRITICAL Uncaught Error: Call to undefined function get_imagen() in C:\xampp\htdocs\vino-la-leyenda\wp-content\themes\vino-la-leyenda\template-parts\content.php:15
Stack trace:
#0 C:\xampp\htdocs\vino-la-leyenda\wp-includes\template.php(772): require()
#1 C:\xampp\htdocs\vino-la-leyenda\wp-includes\template.php(716): load_template('C:\\xampp\\htdocs...', false, Array)
#2 C:\xampp\htdocs\vino-la-leyenda\wp-includes\general-template.php(204): locate_template(Array, true, false, Array)
#3 C:\xampp\htdocs\vino-la-leyenda\wp-content\themes\vino-la-leyenda\single.php(18): get_template_part('template-parts/...', 'post')
#4 C:\xampp\htdocs\vino-la-leyenda\wp-includes\template-loader.php(106): include('C:\\xampp\\htdocs...')
#5 C:\xampp\htdocs\vino-la-leyenda\wp-blog-header.php(19): require_once('C:\\xampp\\htdocs...')
#6 C:\xampp\htdocs\vino-la-leyenda\index.php(17): require('C:\\xampp\\htdocs...')
#7 {main}
  thrown en C:\xampp\htdocs\vino-la-leyenda\wp-content\themes\vino-la-leyenda\template-parts\content.php en la línea 15

2021-10-22T08:43:30+00:00 CRITICAL Uncaught Error: Call to undefined function get_imagen() in C:\xampp\htdocs\vino-la-leyenda\wp-content\themes\vino-la-leyenda\template-parts\content.php:16
Stack trace:
#0 C:\xampp\htdocs\vino-la-leyenda\wp-includes\template.php(772): require()
#1 C:\xampp\htdocs\vino-la-leyenda\wp-includes\template.php(716): load_template('C:\\xampp\\htdocs...', false, Array)
#2 C:\xampp\htdocs\vino-la-leyenda\wp-includes\general-template.php(204): locate_template(Array, true, false, Array)
#3 C:\xampp\htdocs\vino-la-leyenda\wp-content\themes\vino-la-leyenda\single.php(18): get_template_part('template-parts/...', 'post')
#4 C:\xampp\htdocs\vino-la-leyenda\wp-includes\template-loader.php(106): include('C:\\xampp\\htdocs...')
#5 C:\xampp\htdocs\vino-la-leyenda\wp-blog-header.php(19): require_once('C:\\xampp\\htdocs...')
#6 C:\xampp\htdocs\vino-la-leyenda\index.php(17): require('C:\\xampp\\htdocs...')
#7 {main}
  thrown en C:\xampp\htdocs\vino-la-leyenda\wp-content\themes\vino-la-leyenda\template-parts\content.php en la línea 16

2021-10-22T08:43:57+00:00 CRITICAL Uncaught Error: Call to undefined function get_imagen() in C:\xampp\htdocs\vino-la-leyenda\wp-content\themes\vino-la-leyenda\template-parts\content.php:16
Stack trace:
#0 C:\xampp\htdocs\vino-la-leyenda\wp-includes\template.php(772): require()
#1 C:\xampp\htdocs\vino-la-leyenda\wp-includes\template.php(716): load_template('C:\\xampp\\htdocs...', false, Array)
#2 C:\xampp\htdocs\vino-la-leyenda\wp-includes\general-template.php(204): locate_template(Array, true, false, Array)
#3 C:\xampp\htdocs\vino-la-leyenda\wp-content\themes\vino-la-leyenda\single.php(18): get_template_part('template-parts/...', 'post')
#4 C:\xampp\htdocs\vino-la-leyenda\wp-includes\template-loader.php(106): include('C:\\xampp\\htdocs...')
#5 C:\xampp\htdocs\vino-la-leyenda\wp-blog-header.php(19): require_once('C:\\xampp\\htdocs...')
#6 C:\xampp\htdocs\vino-la-leyenda\index.php(17): require('C:\\xampp\\htdocs...')
#7 {main}
  thrown en C:\xampp\htdocs\vino-la-leyenda\wp-content\themes\vino-la-leyenda\template-parts\content.php en la línea 16

2021-10-22T09:00:41+00:00 CRITICAL Uncaught Error: Call to undefined function get_the_imagen() in C:\xampp\htdocs\vino-la-leyenda\wp-content\themes\vino-la-leyenda\single.php:21
Stack trace:
#0 C:\xampp\htdocs\vino-la-leyenda\wp-includes\template-loader.php(106): include()
#1 C:\xampp\htdocs\vino-la-leyenda\wp-blog-header.php(19): require_once('C:\\xampp\\htdocs...')
#2 C:\xampp\htdocs\vino-la-leyenda\index.php(17): require('C:\\xampp\\htdocs...')
#3 {main}
  thrown en C:\xampp\htdocs\vino-la-leyenda\wp-content\themes\vino-la-leyenda\single.php en la línea 21

2021-10-22T09:00:50+00:00 CRITICAL Uncaught Error: Call to undefined function get_the_imagen() in C:\xampp\htdocs\vino-la-leyenda\wp-content\themes\vino-la-leyenda\single.php:21
Stack trace:
#0 C:\xampp\htdocs\vino-la-leyenda\wp-includes\template-loader.php(106): include()
#1 C:\xampp\htdocs\vino-la-leyenda\wp-blog-header.php(19): require_once('C:\\xampp\\htdocs...')
#2 C:\xampp\htdocs\vino-la-leyenda\index.php(17): require('C:\\xampp\\htdocs...')
#3 {main}
  thrown en C:\xampp\htdocs\vino-la-leyenda\wp-content\themes\vino-la-leyenda\single.php en la línea 21

2021-10-22T09:01:11+00:00 CRITICAL Uncaught Error: Call to undefined function get_imagen() in C:\xampp\htdocs\vino-la-leyenda\wp-content\themes\vino-la-leyenda\single.php:21
Stack trace:
#0 C:\xampp\htdocs\vino-la-leyenda\wp-includes\template-loader.php(106): include()
#1 C:\xampp\htdocs\vino-la-leyenda\wp-blog-header.php(19): require_once('C:\\xampp\\htdocs...')
#2 C:\xampp\htdocs\vino-la-leyenda\index.php(17): require('C:\\xampp\\htdocs...')
#3 {main}
  thrown en C:\xampp\htdocs\vino-la-leyenda\wp-content\themes\vino-la-leyenda\single.php en la línea 21

2021-10-22T09:01:49+00:00 CRITICAL Uncaught Error: Call to undefined function get_imagen() in C:\xampp\htdocs\vino-la-leyenda\wp-content\themes\vino-la-leyenda\single.php:21
Stack trace:
#0 C:\xampp\htdocs\vino-la-leyenda\wp-includes\template-loader.php(106): include()
#1 C:\xampp\htdocs\vino-la-leyenda\wp-blog-header.php(19): require_once('C:\\xampp\\htdocs...')
#2 C:\xampp\htdocs\vino-la-leyenda\index.php(17): require('C:\\xampp\\htdocs...')
#3 {main}
  thrown en C:\xampp\htdocs\vino-la-leyenda\wp-content\themes\vino-la-leyenda\single.php en la línea 21

2021-10-22T09:01:58+00:00 CRITICAL Uncaught Error: Call to undefined function get_imagen() in C:\xampp\htdocs\vino-la-leyenda\wp-content\themes\vino-la-leyenda\single.php:21
Stack trace:
#0 C:\xampp\htdocs\vino-la-leyenda\wp-includes\template-loader.php(106): include()
#1 C:\xampp\htdocs\vino-la-leyenda\wp-blog-header.php(19): require_once('C:\\xampp\\htdocs...')
#2 C:\xampp\htdocs\vino-la-leyenda\index.php(17): require('C:\\xampp\\htdocs...')
#3 {main}
  thrown en C:\xampp\htdocs\vino-la-leyenda\wp-content\themes\vino-la-leyenda\single.php en la línea 21

2021-10-22T09:02:40+00:00 CRITICAL Uncaught Error: Call to undefined function get_imagen() in C:\xampp\htdocs\vino-la-leyenda\wp-content\themes\vino-la-leyenda\single.php:21
Stack trace:
#0 C:\xampp\htdocs\vino-la-leyenda\wp-includes\template-loader.php(106): include()
#1 C:\xampp\htdocs\vino-la-leyenda\wp-blog-header.php(19): require_once('C:\\xampp\\htdocs...')
#2 C:\xampp\htdocs\vino-la-leyenda\index.php(17): require('C:\\xampp\\htdocs...')
#3 {main}
  thrown en C:\xampp\htdocs\vino-la-leyenda\wp-content\themes\vino-la-leyenda\single.php en la línea 21

2021-10-22T09:03:13+00:00 CRITICAL Uncaught Error: Call to undefined function get_imagen() in C:\xampp\htdocs\vino-la-leyenda\wp-content\themes\vino-la-leyenda\single.php:21
Stack trace:
#0 C:\xampp\htdocs\vino-la-leyenda\wp-includes\template-loader.php(106): include()
#1 C:\xampp\htdocs\vino-la-leyenda\wp-blog-header.php(19): require_once('C:\\xampp\\htdocs...')
#2 C:\xampp\htdocs\vino-la-leyenda\index.php(17): require('C:\\xampp\\htdocs...')
#3 {main}
  thrown en C:\xampp\htdocs\vino-la-leyenda\wp-content\themes\vino-la-leyenda\single.php en la línea 21

2021-10-22T09:03:23+00:00 CRITICAL Uncaught Error: Call to undefined function get_imagen() in C:\xampp\htdocs\vino-la-leyenda\wp-content\themes\vino-la-leyenda\single.php:21
Stack trace:
#0 C:\xampp\htdocs\vino-la-leyenda\wp-includes\template-loader.php(106): include()
#1 C:\xampp\htdocs\vino-la-leyenda\wp-blog-header.php(19): require_once('C:\\xampp\\htdocs...')
#2 C:\xampp\htdocs\vino-la-leyenda\index.php(17): require('C:\\xampp\\htdocs...')
#3 {main}
  thrown en C:\xampp\htdocs\vino-la-leyenda\wp-content\themes\vino-la-leyenda\single.php en la línea 21

2021-10-22T09:04:59+00:00 CRITICAL Uncaught Error: Call to undefined function get_the_imagen() in C:\xampp\htdocs\vino-la-leyenda\wp-content\themes\vino-la-leyenda\single.php:21
Stack trace:
#0 C:\xampp\htdocs\vino-la-leyenda\wp-includes\template-loader.php(106): include()
#1 C:\xampp\htdocs\vino-la-leyenda\wp-blog-header.php(19): require_once('C:\\xampp\\htdocs...')
#2 C:\xampp\htdocs\vino-la-leyenda\index.php(17): require('C:\\xampp\\htdocs...')
#3 {main}
  thrown en C:\xampp\htdocs\vino-la-leyenda\wp-content\themes\vino-la-leyenda\single.php en la línea 21

2021-10-22T09:05:08+00:00 CRITICAL Uncaught Error: Call to undefined function get_the_imagen() in C:\xampp\htdocs\vino-la-leyenda\wp-content\themes\vino-la-leyenda\single.php:21
Stack trace:
#0 C:\xampp\htdocs\vino-la-leyenda\wp-includes\template-loader.php(106): include()
#1 C:\xampp\htdocs\vino-la-leyenda\wp-blog-header.php(19): require_once('C:\\xampp\\htdocs...')
#2 C:\xampp\htdocs\vino-la-leyenda\index.php(17): require('C:\\xampp\\htdocs...')
#3 {main}
  thrown en C:\xampp\htdocs\vino-la-leyenda\wp-content\themes\vino-la-leyenda\single.php en la línea 21

2021-10-22T09:05:17+00:00 CRITICAL Uncaught Error: Call to undefined function get_the_imagen() in C:\xampp\htdocs\vino-la-leyenda\wp-content\themes\vino-la-leyenda\single.php:21
Stack trace:
#0 C:\xampp\htdocs\vino-la-leyenda\wp-includes\template-loader.php(106): include()
#1 C:\xampp\htdocs\vino-la-leyenda\wp-blog-header.php(19): require_once('C:\\xampp\\htdocs...')
#2 C:\xampp\htdocs\vino-la-leyenda\index.php(17): require('C:\\xampp\\htdocs...')
#3 {main}
  thrown en C:\xampp\htdocs\vino-la-leyenda\wp-content\themes\vino-la-leyenda\single.php en la línea 21

2021-10-22T09:05:26+00:00 CRITICAL Uncaught Error: Call to undefined function get_the_imagen() in C:\xampp\htdocs\vino-la-leyenda\wp-content\themes\vino-la-leyenda\single.php:21
Stack trace:
#0 C:\xampp\htdocs\vino-la-leyenda\wp-includes\template-loader.php(106): include()
#1 C:\xampp\htdocs\vino-la-leyenda\wp-blog-header.php(19): require_once('C:\\xampp\\htdocs...')
#2 C:\xampp\htdocs\vino-la-leyenda\index.php(17): require('C:\\xampp\\htdocs...')
#3 {main}
  thrown en C:\xampp\htdocs\vino-la-leyenda\wp-content\themes\vino-la-leyenda\single.php en la línea 21

