2021-10-17T15:14:24+00:00 CRITICAL Maximum execution time of 120 seconds exceeded en C:\xampp\htdocs\vino-la-leyenda\wp-content\plugins\advanced-custom-fields-pro\includes\locations\class-acf-location-widget.php en la línea 3

2021-10-17T20:00:43+00:00 CRITICAL Uncaught Error: Call to a member function title() on array in C:\xampp\htdocs\vino-la-leyenda\wp-content\themes\vino-la-leyenda\home-template.php:115
Stack trace:
#0 C:\xampp\htdocs\vino-la-leyenda\wp-includes\template-loader.php(106): include()
#1 C:\xampp\htdocs\vino-la-leyenda\wp-blog-header.php(19): require_once('C:\\xampp\\htdocs...')
#2 C:\xampp\htdocs\vino-la-leyenda\index.php(17): require('C:\\xampp\\htdocs...')
#3 {main}
  thrown en C:\xampp\htdocs\vino-la-leyenda\wp-content\themes\vino-la-leyenda\home-template.php en la línea 115

2021-10-17T20:02:15+00:00 CRITICAL Uncaught Error: Call to a member function title() on array in C:\xampp\htdocs\vino-la-leyenda\wp-content\themes\vino-la-leyenda\home-template.php:115
Stack trace:
#0 C:\xampp\htdocs\vino-la-leyenda\wp-includes\template-loader.php(106): include()
#1 C:\xampp\htdocs\vino-la-leyenda\wp-blog-header.php(19): require_once('C:\\xampp\\htdocs...')
#2 C:\xampp\htdocs\vino-la-leyenda\index.php(17): require('C:\\xampp\\htdocs...')
#3 {main}
  thrown en C:\xampp\htdocs\vino-la-leyenda\wp-content\themes\vino-la-leyenda\home-template.php en la línea 115

2021-10-17T20:02:45+00:00 CRITICAL Uncaught Error: Call to a member function get_title() on array in C:\xampp\htdocs\vino-la-leyenda\wp-content\themes\vino-la-leyenda\home-template.php:115
Stack trace:
#0 C:\xampp\htdocs\vino-la-leyenda\wp-includes\template-loader.php(106): include()
#1 C:\xampp\htdocs\vino-la-leyenda\wp-blog-header.php(19): require_once('C:\\xampp\\htdocs...')
#2 C:\xampp\htdocs\vino-la-leyenda\index.php(17): require('C:\\xampp\\htdocs...')
#3 {main}
  thrown en C:\xampp\htdocs\vino-la-leyenda\wp-content\themes\vino-la-leyenda\home-template.php en la línea 115

2021-10-17T20:09:14+00:00 CRITICAL Uncaught Error: Call to a member function get_title() on array in C:\xampp\htdocs\vino-la-leyenda\wp-content\themes\vino-la-leyenda\home-template.php:115
Stack trace:
#0 C:\xampp\htdocs\vino-la-leyenda\wp-includes\template-loader.php(106): include()
#1 C:\xampp\htdocs\vino-la-leyenda\wp-blog-header.php(19): require_once('C:\\xampp\\htdocs...')
#2 C:\xampp\htdocs\vino-la-leyenda\index.php(17): require('C:\\xampp\\htdocs...')
#3 {main}
  thrown en C:\xampp\htdocs\vino-la-leyenda\wp-content\themes\vino-la-leyenda\home-template.php en la línea 115

2021-10-17T20:11:05+00:00 CRITICAL Uncaught Error: Call to a member function get_title() on array in C:\xampp\htdocs\vino-la-leyenda\wp-content\themes\vino-la-leyenda\home-template.php:115
Stack trace:
#0 C:\xampp\htdocs\vino-la-leyenda\wp-includes\template-loader.php(106): include()
#1 C:\xampp\htdocs\vino-la-leyenda\wp-blog-header.php(19): require_once('C:\\xampp\\htdocs...')
#2 C:\xampp\htdocs\vino-la-leyenda\index.php(17): require('C:\\xampp\\htdocs...')
#3 {main}
  thrown en C:\xampp\htdocs\vino-la-leyenda\wp-content\themes\vino-la-leyenda\home-template.php en la línea 115

2021-10-17T20:20:26+00:00 CRITICAL Uncaught Error: Call to a member function get_title() on array in C:\xampp\htdocs\vino-la-leyenda\wp-content\themes\vino-la-leyenda\home-template.php:115
Stack trace:
#0 C:\xampp\htdocs\vino-la-leyenda\wp-includes\template-loader.php(106): include()
#1 C:\xampp\htdocs\vino-la-leyenda\wp-blog-header.php(19): require_once('C:\\xampp\\htdocs...')
#2 C:\xampp\htdocs\vino-la-leyenda\index.php(17): require('C:\\xampp\\htdocs...')
#3 {main}
  thrown en C:\xampp\htdocs\vino-la-leyenda\wp-content\themes\vino-la-leyenda\home-template.php en la línea 115

2021-10-17T20:22:12+00:00 CRITICAL Uncaught Error: Call to a member function get_title() on array in C:\xampp\htdocs\vino-la-leyenda\wp-content\themes\vino-la-leyenda\home-template.php:115
Stack trace:
#0 C:\xampp\htdocs\vino-la-leyenda\wp-includes\template-loader.php(106): include()
#1 C:\xampp\htdocs\vino-la-leyenda\wp-blog-header.php(19): require_once('C:\\xampp\\htdocs...')
#2 C:\xampp\htdocs\vino-la-leyenda\index.php(17): require('C:\\xampp\\htdocs...')
#3 {main}
  thrown en C:\xampp\htdocs\vino-la-leyenda\wp-content\themes\vino-la-leyenda\home-template.php en la línea 115

2021-10-17T20:23:08+00:00 CRITICAL Uncaught Error: Call to undefined method WP_Post::get_title() in C:\xampp\htdocs\vino-la-leyenda\wp-content\themes\vino-la-leyenda\home-template.php:118
Stack trace:
#0 C:\xampp\htdocs\vino-la-leyenda\wp-includes\template-loader.php(106): include()
#1 C:\xampp\htdocs\vino-la-leyenda\wp-blog-header.php(19): require_once('C:\\xampp\\htdocs...')
#2 C:\xampp\htdocs\vino-la-leyenda\index.php(17): require('C:\\xampp\\htdocs...')
#3 {main}
  thrown en C:\xampp\htdocs\vino-la-leyenda\wp-content\themes\vino-la-leyenda\home-template.php en la línea 118

2021-10-17T20:32:35+00:00 CRITICAL Uncaught Error: Unsupported operand types in C:\xampp\htdocs\vino-la-leyenda\wp-content\themes\vino-la-leyenda\home-template.php:100
Stack trace:
#0 C:\xampp\htdocs\vino-la-leyenda\wp-includes\template-loader.php(106): include()
#1 C:\xampp\htdocs\vino-la-leyenda\wp-blog-header.php(19): require_once('C:\\xampp\\htdocs...')
#2 C:\xampp\htdocs\vino-la-leyenda\index.php(17): require('C:\\xampp\\htdocs...')
#3 {main}
  thrown en C:\xampp\htdocs\vino-la-leyenda\wp-content\themes\vino-la-leyenda\home-template.php en la línea 100

2021-10-17T20:33:07+00:00 CRITICAL Uncaught Error: Unsupported operand types in C:\xampp\htdocs\vino-la-leyenda\wp-content\themes\vino-la-leyenda\home-template.php:100
Stack trace:
#0 C:\xampp\htdocs\vino-la-leyenda\wp-includes\template-loader.php(106): include()
#1 C:\xampp\htdocs\vino-la-leyenda\wp-blog-header.php(19): require_once('C:\\xampp\\htdocs...')
#2 C:\xampp\htdocs\vino-la-leyenda\index.php(17): require('C:\\xampp\\htdocs...')
#3 {main}
  thrown en C:\xampp\htdocs\vino-la-leyenda\wp-content\themes\vino-la-leyenda\home-template.php en la línea 100

2021-10-17T20:34:08+00:00 CRITICAL Uncaught Error: Unsupported operand types in C:\xampp\htdocs\vino-la-leyenda\wp-content\themes\vino-la-leyenda\home-template.php:100
Stack trace:
#0 C:\xampp\htdocs\vino-la-leyenda\wp-includes\template-loader.php(106): include()
#1 C:\xampp\htdocs\vino-la-leyenda\wp-blog-header.php(19): require_once('C:\\xampp\\htdocs...')
#2 C:\xampp\htdocs\vino-la-leyenda\index.php(17): require('C:\\xampp\\htdocs...')
#3 {main}
  thrown en C:\xampp\htdocs\vino-la-leyenda\wp-content\themes\vino-la-leyenda\home-template.php en la línea 100

2021-10-17T20:34:18+00:00 CRITICAL Uncaught Error: Unsupported operand types in C:\xampp\htdocs\vino-la-leyenda\wp-content\themes\vino-la-leyenda\home-template.php:100
Stack trace:
#0 C:\xampp\htdocs\vino-la-leyenda\wp-includes\template-loader.php(106): include()
#1 C:\xampp\htdocs\vino-la-leyenda\wp-blog-header.php(19): require_once('C:\\xampp\\htdocs...')
#2 C:\xampp\htdocs\vino-la-leyenda\index.php(17): require('C:\\xampp\\htdocs...')
#3 {main}
  thrown en C:\xampp\htdocs\vino-la-leyenda\wp-content\themes\vino-la-leyenda\home-template.php en la línea 100

2021-10-17T21:30:33+00:00 CRITICAL Uncaught Error: Call to undefined method WP_Post::get_the_permalink() in C:\xampp\htdocs\vino-la-leyenda\wp-content\themes\vino-la-leyenda\home-template.php:122
Stack trace:
#0 C:\xampp\htdocs\vino-la-leyenda\wp-includes\template-loader.php(106): include()
#1 C:\xampp\htdocs\vino-la-leyenda\wp-blog-header.php(19): require_once('C:\\xampp\\htdocs...')
#2 C:\xampp\htdocs\vino-la-leyenda\index.php(17): require('C:\\xampp\\htdocs...')
#3 {main}
  thrown en C:\xampp\htdocs\vino-la-leyenda\wp-content\themes\vino-la-leyenda\home-template.php en la línea 122

2021-10-17T22:14:57+00:00 CRITICAL Uncaught ArgumentCountError: Too few arguments to function wp_get_attachment_image_src(), 0 passed in C:\xampp\htdocs\vino-la-leyenda\wp-content\themes\vino-la-leyenda\home-template.php on line 125 and at least 1 expected in C:\xampp\htdocs\vino-la-leyenda\wp-includes\media.php:951
Stack trace:
#0 C:\xampp\htdocs\vino-la-leyenda\wp-content\themes\vino-la-leyenda\home-template.php(125): wp_get_attachment_image_src()
#1 C:\xampp\htdocs\vino-la-leyenda\wp-includes\template-loader.php(106): include('C:\\xampp\\htdocs...')
#2 C:\xampp\htdocs\vino-la-leyenda\wp-blog-header.php(19): require_once('C:\\xampp\\htdocs...')
#3 C:\xampp\htdocs\vino-la-leyenda\index.php(17): require('C:\\xampp\\htdocs...')
#4 {main}
  thrown en C:\xampp\htdocs\vino-la-leyenda\wp-includes\media.php en la línea 951

2021-10-17T22:16:00+00:00 CRITICAL Uncaught ArgumentCountError: Too few arguments to function wp_get_attachment_image_src(), 0 passed in C:\xampp\htdocs\vino-la-leyenda\wp-content\themes\vino-la-leyenda\home-template.php on line 125 and at least 1 expected in C:\xampp\htdocs\vino-la-leyenda\wp-includes\media.php:951
Stack trace:
#0 C:\xampp\htdocs\vino-la-leyenda\wp-content\themes\vino-la-leyenda\home-template.php(125): wp_get_attachment_image_src()
#1 C:\xampp\htdocs\vino-la-leyenda\wp-includes\template-loader.php(106): include('C:\\xampp\\htdocs...')
#2 C:\xampp\htdocs\vino-la-leyenda\wp-blog-header.php(19): require_once('C:\\xampp\\htdocs...')
#3 C:\xampp\htdocs\vino-la-leyenda\index.php(17): require('C:\\xampp\\htdocs...')
#4 {main}
  thrown en C:\xampp\htdocs\vino-la-leyenda\wp-includes\media.php en la línea 951

2021-10-17T22:16:28+00:00 CRITICAL Uncaught ArgumentCountError: Too few arguments to function wp_get_attachment_image_src(), 0 passed in C:\xampp\htdocs\vino-la-leyenda\wp-content\themes\vino-la-leyenda\home-template.php on line 125 and at least 1 expected in C:\xampp\htdocs\vino-la-leyenda\wp-includes\media.php:951
Stack trace:
#0 C:\xampp\htdocs\vino-la-leyenda\wp-content\themes\vino-la-leyenda\home-template.php(125): wp_get_attachment_image_src()
#1 C:\xampp\htdocs\vino-la-leyenda\wp-includes\template-loader.php(106): include('C:\\xampp\\htdocs...')
#2 C:\xampp\htdocs\vino-la-leyenda\wp-blog-header.php(19): require_once('C:\\xampp\\htdocs...')
#3 C:\xampp\htdocs\vino-la-leyenda\index.php(17): require('C:\\xampp\\htdocs...')
#4 {main}
  thrown en C:\xampp\htdocs\vino-la-leyenda\wp-includes\media.php en la línea 951

2021-10-17T22:16:42+00:00 CRITICAL Uncaught ArgumentCountError: Too few arguments to function wp_get_attachment_image_src(), 0 passed in C:\xampp\htdocs\vino-la-leyenda\wp-content\themes\vino-la-leyenda\home-template.php on line 125 and at least 1 expected in C:\xampp\htdocs\vino-la-leyenda\wp-includes\media.php:951
Stack trace:
#0 C:\xampp\htdocs\vino-la-leyenda\wp-content\themes\vino-la-leyenda\home-template.php(125): wp_get_attachment_image_src()
#1 C:\xampp\htdocs\vino-la-leyenda\wp-includes\template-loader.php(106): include('C:\\xampp\\htdocs...')
#2 C:\xampp\htdocs\vino-la-leyenda\wp-blog-header.php(19): require_once('C:\\xampp\\htdocs...')
#3 C:\xampp\htdocs\vino-la-leyenda\index.php(17): require('C:\\xampp\\htdocs...')
#4 {main}
  thrown en C:\xampp\htdocs\vino-la-leyenda\wp-includes\media.php en la línea 951

